[6808:6572:1108/202638.065:VERBOSE1:crash_service_main.cc(78)] Session start. cmdline is [--reporter-url=https://crashreporter.atom.io --application-name=Atom "--crashes-directory=C:\cygwin\tmp\Atom Crashes" --v=1]
[6808:6572:1108/202638.069:VERBOSE1:crash_service.cc(142)] window handle is 0002048A
[6808:6572:1108/202638.070:VERBOSE1:crash_service.cc(284)] pipe name is \\.\pipe\Atom Crash Service
dumps at C:\cygwin\tmp\Atom Crashes
[6808:6572:1108/202638.070:VERBOSE1:crash_service.cc(288)] checkpoint is C:\cygwin\tmp\Atom Crashes\crash_checkpoint.txt
server is https://crashreporter.atom.io
maximum 128 reports/day
reporter is electron-crash-service
[6808:6572:1108/202638.070:ERROR:crash_service.cc(295)] could not start dumper
[8172:7684:1108/214406.568:VERBOSE1:crash_service_main.cc(78)] Session start. cmdline is [--reporter-url=https://crashreporter.atom.io --application-name=Atom "--crashes-directory=C:\cygwin\tmp\Atom Crashes" --v=1]
[8172:7684:1108/214406.573:VERBOSE1:crash_service.cc(142)] window handle is 00090484
[8172:7684:1108/214406.573:VERBOSE1:crash_service.cc(284)] pipe name is \\.\pipe\Atom Crash Service
dumps at C:\cygwin\tmp\Atom Crashes
[8172:7684:1108/214406.573:VERBOSE1:crash_service.cc(288)] checkpoint is C:\cygwin\tmp\Atom Crashes\crash_checkpoint.txt
server is https://crashreporter.atom.io
maximum 128 reports/day
reporter is electron-crash-service
[8172:7684:1108/214406.573:ERROR:crash_service.cc(295)] could not start dumper
[7840:9664:1115/152700.526:VERBOSE1:crash_service_main.cc(78)] Session start. cmdline is [--reporter-url=https://crashreporter.atom.io --application-name=Atom "--crashes-directory=C:\cygwin\tmp\Atom Crashes" --v=1]
[7840:9664:1115/152700.526:VERBOSE1:crash_service.cc(142)] window handle is 000905E0
[7840:9664:1115/152700.526:VERBOSE1:crash_service.cc(284)] pipe name is \\.\pipe\Atom Crash Service
dumps at C:\cygwin\tmp\Atom Crashes
[7840:9664:1115/152700.526:VERBOSE1:crash_service.cc(288)] checkpoint is C:\cygwin\tmp\Atom Crashes\crash_checkpoint.txt
server is https://crashreporter.atom.io
maximum 128 reports/day
reporter is electron-crash-service
[7840:9664:1115/152700.526:VERBOSE1:crash_service_main.cc(94)] Ready to process crash requests
[7840:6468:1115/152700.526:VERBOSE1:crash_service.cc(317)] client start. pid = 9076
[7840:6468:1115/152703.574:VERBOSE1:crash_service.cc(317)] client start. pid = 7284
[9688:4524:1115/152703.598:VERBOSE1:crash_service_main.cc(78)] Session start. cmdline is [--reporter-url=https://crashreporter.atom.io --application-name=Atom "--crashes-directory=C:\cygwin\tmp\Atom Crashes" --v=1]
[9688:4524:1115/152703.602:VERBOSE1:crash_service.cc(142)] window handle is 001A02E4
[9688:4524:1115/152703.602:VERBOSE1:crash_service.cc(284)] pipe name is \\.\pipe\Atom Crash Service
dumps at C:\cygwin\tmp\Atom Crashes
[9688:4524:1115/152703.602:VERBOSE1:crash_service.cc(288)] checkpoint is C:\cygwin\tmp\Atom Crashes\crash_checkpoint.txt
server is https://crashreporter.atom.io
maximum 128 reports/day
reporter is electron-crash-service
[9688:4524:1115/152703.602:ERROR:crash_service.cc(295)] could not start dumper
[7840:9356:1115/152708.852:VERBOSE1:crash_service.cc(325)] client end. pid = 7284
[7840:9356:1115/152709.164:VERBOSE1:crash_service.cc(325)] client end. pid = 9076
[7840:9356:1115/152710.166:VERBOSE1:crash_service.cc(346)] zero clients. exiting
[7840:9664:1115/152710.166:VERBOSE1:crash_service.cc(486)] session ending..
[7840:9664:1115/152710.166:VERBOSE1:crash_service.cc(491)] clients connected :2
clients terminated :2
dumps serviced :0
dumps reported :0
[7840:9664:1115/152710.166:VERBOSE1:crash_service_main.cc(99)] Session end. return code is 0
